2018/10/16-22:17 [main] ERROR org.springframework.boot.context.logging.LoggingApplicationListener- Cannot set level: DEBUG  for 'com.caosoft'
2018/10/16-22:18 [main] ERROR org.springframework.boot.context.logging.LoggingApplicationListener- Cannot set level: DEBUG  for 'com.caosoft'
2018/10/16-22:18 [http-nio-8080-exec-1] WARN  com.caosoft.hyper.api.server.filter.AppKeyFilter- 过滤器实现
2018/10/16-22:23 [main] ERROR org.springframework.boot.context.logging.LoggingApplicationListener- Cannot set level: DEBUG  for 'com.caosoft'
2018/10/16-22:23 [main] DEBUG org.springframework.web.context.support.StandardServletEnvironment- Adding PropertySource 'configurationProperties' with highest search precedence
2018/10/16-22:23 [main] DEBUG org.springframework.web.context.support.StandardServletEnvironment- Adding PropertySource 'servletConfigInitParams' with lowest search precedence
2018/10/16-22:23 [main] DEBUG org.springframework.web.context.support.StandardServletEnvironment- Adding PropertySource 'servletContextInitParams' with lowest search precedence
2018/10/16-22:23 [main] DEBUG org.springframework.web.context.support.StandardServletEnvironment- Adding PropertySource 'systemProperties' with lowest search precedence
2018/10/16-22:23 [main] DEBUG org.springframework.web.context.support.StandardServletEnvironment- Adding PropertySource 'systemEnvironment' with lowest search precedence
2018/10/16-22:23 [main] DEBUG org.springframework.web.context.support.StandardServletEnvironment- Initialized StandardServletEnvironment with PropertySources [StubPropertySource {name='servletConfigInitParams'}, StubPropertySource {name='servletContextInitParams'}, MapPropertySource {name='systemProperties'}, SystemEnvironmentPropertySource {name='systemEnvironment'}]
2018/10/16-22:23 [main] DEBUG org.springframework.web.context.support.StandardServletEnvironment- Removing PropertySource 'defaultProperties'
2018/10/16-22:23 [localhost-startStop-1] DEBUG org.springframework.web.context.ContextLoader- Published root WebApplicationContext as ServletContext attribute with name [org.springframework.web.context.WebApplicationContext.ROOT]
2018/10/16-22:23 [localhost-startStop-1] INFO  org.springframework.web.context.ContextLoader- Root WebApplicationContext: initialization completed in 1392 ms
2018/10/16-22:23 [main] DEBUG org.springframework.web.context.support.StandardServletEnvironment- Replacing PropertySource 'servletContextInitParams' with 'servletContextInitParams'
2018/10/16-22:23 [main] INFO  org.springframework.web.servlet.handler.SimpleUrlHandlerMapping- Mapped URL path [/**/favicon.ico] onto handler of type [class org.springframework.web.servlet.resource.ResourceHttpRequestHandler]
2018/10/16-22:23 [main] INFO  org.springframework.web.servlet.mvc.method.annotation.RequestMappingHandlerAdapter- Looking for @ControllerAdvice: org.springframework.boot.web.servlet.context.AnnotationConfigServletWebServerApplicationContext@60d8c9b7: startup date [Tue Oct 16 22:23:09 CST 2018]; root of context hierarchy
2018/10/16-22:23 [main] DEBUG org.springframework.web.servlet.mvc.method.annotation.RequestMappingHandlerMapping- Looking for request mappings in application context: org.springframework.boot.web.servlet.context.AnnotationConfigServletWebServerApplicationContext@60d8c9b7: startup date [Tue Oct 16 22:23:09 CST 2018]; root of context hierarchy
2018/10/16-22:23 [main] DEBUG org.springframework.web.servlet.mvc.method.annotation.RequestMappingHandlerMapping- 1 request handler methods found on class com.caosoft.hyper.api.server.controller.IndexController: {public com.caosoft.hyper.api.server.starter.po.HyperResult com.caosoft.hyper.api.server.controller.IndexController.demo()={[/index/demo],methods=[POST]}}
2018/10/16-22:23 [main] INFO  org.springframework.web.servlet.mvc.method.annotation.RequestMappingHandlerMapping- Mapped "{[/index/demo],methods=[POST]}" onto public com.caosoft.hyper.api.server.starter.po.HyperResult com.caosoft.hyper.api.server.controller.IndexController.demo()
2018/10/16-22:23 [main] DEBUG org.springframework.web.servlet.mvc.method.annotation.RequestMappingHandlerMapping- 2 request handler methods found on class org.springframework.boot.autoconfigure.web.servlet.error.BasicErrorController: {public org.springframework.http.ResponseEntity org.springframework.boot.autoconfigure.web.servlet.error.BasicErrorController.error(javax.servlet.http.HttpServletRequest)={[/error]}, public org.springframework.web.servlet.ModelAndView org.springframework.boot.autoconfigure.web.servlet.error.BasicErrorController.errorHtml(javax.servlet.http.HttpServletRequest,javax.servlet.http.HttpServletResponse)={[/error],produces=[text/html]}}
2018/10/16-22:23 [main] INFO  org.springframework.web.servlet.mvc.method.annotation.RequestMappingHandlerMapping- Mapped "{[/error]}" onto public org.springframework.http.ResponseEntity<java.util.Map<java.lang.String, java.lang.Object>> org.springframework.boot.autoconfigure.web.servlet.error.BasicErrorController.error(javax.servlet.http.HttpServletRequest)
2018/10/16-22:23 [main] INFO  org.springframework.web.servlet.mvc.method.annotation.RequestMappingHandlerMapping- Mapped "{[/error],produces=[text/html]}" onto public org.springframework.web.servlet.ModelAndView org.springframework.boot.autoconfigure.web.servlet.error.BasicErrorController.errorHtml(javax.servlet.http.HttpServletRequest,javax.servlet.http.HttpServletResponse)
2018/10/16-22:23 [main] DEBUG org.springframework.web.servlet.handler.BeanNameUrlHandlerMapping- Looking for URL mappings in application context: org.springframework.boot.web.servlet.context.AnnotationConfigServletWebServerApplicationContext@60d8c9b7: startup date [Tue Oct 16 22:23:09 CST 2018]; root of context hierarchy
2018/10/16-22:23 [main] DEBUG org.springframework.web.servlet.handler.BeanNameUrlHandlerMapping- Rejected bean name 'org.springframework.context.annotation.internalConfigurationAnnotationProcessor': no URL paths identified
2018/10/16-22:23 [main] DEBUG org.springframework.web.servlet.handler.BeanNameUrlHandlerMapping- Rejected bean name 'org.springframework.context.annotation.internalAutowiredAnnotationProcessor': no URL paths identified
2018/10/16-22:23 [main] DEBUG org.springframework.web.servlet.handler.BeanNameUrlHandlerMapping- Rejected bean name 'org.springframework.context.annotation.internalRequiredAnnotationProcessor': no URL paths identified
2018/10/16-22:23 [main] DEBUG org.springframework.web.servlet.handler.BeanNameUrlHandlerMapping- Rejected bean name 'org.springframework.context.annotation.internalCommonAnnotationProcessor': no URL paths identified
2018/10/16-22:23 [main] DEBUG org.springframework.web.servlet.handler.BeanNameUrlHandlerMapping- Rejected bean name 'org.springframework.context.event.internalEventListenerProcessor': no URL paths identified
2018/10/16-22:23 [main] DEBUG org.springframework.web.servlet.handler.BeanNameUrlHandlerMapping- Rejected bean name 'org.springframework.context.event.internalEventListenerFactory': no URL paths identified
2018/10/16-22:23 [main] DEBUG org.springframework.web.servlet.handler.BeanNameUrlHandlerMapping- Rejected bean name 'hyperApiApplication': no URL paths identified
2018/10/16-22:23 [main] DEBUG org.springframework.web.servlet.handler.BeanNameUrlHandlerMapping- Rejected bean name 'org.springframework.boot.autoconfigure.internalCachingMetadataReaderFactory': no URL paths identified
2018/10/16-22:23 [main] DEBUG org.springframework.web.servlet.handler.BeanNameUrlHandlerMapping- Rejected bean name 'indexController': no URL paths identified
2018/10/16-22:23 [main] DEBUG org.springframework.web.servlet.handler.BeanNameUrlHandlerMapping- Rejected bean name 'appKeyFilter': no URL paths identified
2018/10/16-22:23 [main] DEBUG org.springframework.web.servlet.handler.BeanNameUrlHandlerMapping- Rejected bean name 'org.springframework.boot.autoconfigure.AutoConfigurationPackages': no URL paths identified
2018/10/16-22:23 [main] DEBUG org.springframework.web.servlet.handler.BeanNameUrlHandlerMapping- Rejected bean name 'org.springframework.boot.autoconfigure.context.PropertyPlaceholderAutoConfiguration': no URL paths identified
2018/10/16-22:23 [main] DEBUG org.springframework.web.servlet.handler.BeanNameUrlHandlerMapping- Rejected bean name 'org.springframework.boot.autoconfigure.condition.BeanTypeRegistry': no URL paths identified
2018/10/16-22:23 [main] DEBUG org.springframework.web.servlet.handler.BeanNameUrlHandlerMapping- Rejected bean name 'propertySourcesPlaceholderConfigurer': no URL paths identified
2018/10/16-22:23 [main] DEBUG org.springframework.web.servlet.handler.BeanNameUrlHandlerMapping- Rejected bean name 'org.springframework.boot.autoconfigure.websocket.servlet.WebSocketServletAutoConfiguration$TomcatWebSocketConfiguration': no URL paths identified
2018/10/16-22:23 [main] DEBUG org.springframework.web.servlet.handler.BeanNameUrlHandlerMapping- Rejected bean name 'websocketContainerCustomizer': no URL paths identified
2018/10/16-22:23 [main] DEBUG org.springframework.web.servlet.handler.BeanNameUrlHandlerMapping- Rejected bean name 'org.springframework.boot.autoconfigure.websocket.servlet.WebSocketServletAutoConfiguration': no URL paths identified
2018/10/16-22:23 [main] DEBUG org.springframework.web.servlet.handler.BeanNameUrlHandlerMapping- Rejected bean name 'org.springframework.boot.autoconfigure.web.servlet.ServletWebServerFactoryConfiguration$EmbeddedTomcat': no URL paths identified
2018/10/16-22:23 [main] DEBUG org.springframework.web.servlet.handler.BeanNameUrlHandlerMapping- Rejected bean name 'tomcatServletWebServerFactory': no URL paths identified
2018/10/16-22:23 [main] DEBUG org.springframework.web.servlet.handler.BeanNameUrlHandlerMapping- Rejected bean name 'org.springframework.boot.autoconfigure.web.servlet.ServletWebServerFactoryAutoConfiguration': no URL paths identified
2018/10/16-22:23 [main] DEBUG org.springframework.web.servlet.handler.BeanNameUrlHandlerMapping- Rejected bean name 'servletWebServerFactoryCustomizer': no URL paths identified
2018/10/16-22:23 [main] DEBUG org.springframework.web.servlet.handler.BeanNameUrlHandlerMapping- Rejected bean name 'tomcatServletWebServerFactoryCustomizer': no URL paths identified
2018/10/16-22:23 [main] DEBUG org.springframework.web.servlet.handler.BeanNameUrlHandlerMapping- Rejected bean name 'server-org.springframework.boot.autoconfigure.web.ServerProperties': no URL paths identified
2018/10/16-22:23 [main] DEBUG org.springframework.web.servlet.handler.BeanNameUrlHandlerMapping- Rejected bean name 'org.springframework.boot.context.properties.ConfigurationPropertiesBindingPostProcessor': no URL paths identified
2018/10/16-22:23 [main] DEBUG org.springframework.web.servlet.handler.BeanNameUrlHandlerMapping- Rejected bean name 'org.springframework.boot.context.properties.ConfigurationBeanFactoryMetadata': no URL paths identified
2018/10/16-22:23 [main] DEBUG org.springframework.web.servlet.handler.BeanNameUrlHandlerMapping- Rejected bean name 'webServerFactoryCustomizerBeanPostProcessor': no URL paths identified
2018/10/16-22:23 [main] DEBUG org.springframework.web.servlet.handler.BeanNameUrlHandlerMapping- Rejected bean name 'errorPageRegistrarBeanPostProcessor': no URL paths identified
2018/10/16-22:23 [main] DEBUG org.springframework.web.servlet.handler.BeanNameUrlHandlerMapping- Rejected bean name 'org.springframework.boot.autoconfigure.web.servlet.DispatcherServletAutoConfiguration$DispatcherServletConfiguration': no URL paths identified
2018/10/16-22:23 [main] DEBUG org.springframework.web.servlet.handler.BeanNameUrlHandlerMapping- Rejected bean name 'dispatcherServlet': no URL paths identified
2018/10/16-22:23 [main] DEBUG org.springframework.web.servlet.handler.BeanNameUrlHandlerMapping- Rejected bean name 'spring.mvc-org.springframework.boot.autoconfigure.web.servlet.WebMvcProperties': no URL paths identified
2018/10/16-22:23 [main] DEBUG org.springframework.web.servlet.handler.BeanNameUrlHandlerMapping- Rejected bean name 'org.springframework.boot.autoconfigure.web.servlet.DispatcherServletAutoConfiguration$DispatcherServletRegistrationConfiguration': no URL paths identified
2018/10/16-22:23 [main] DEBUG org.springframework.web.servlet.handler.BeanNameUrlHandlerMapping- Rejected bean name 'dispatcherServletRegistration': no URL paths identified
2018/10/16-22:23 [main] DEBUG org.springframework.web.servlet.handler.BeanNameUrlHandlerMapping- Rejected bean name 'org.springframework.boot.autoconfigure.web.servlet.DispatcherServletAutoConfiguration': no URL paths identified
2018/10/16-22:23 [main] DEBUG org.springframework.web.servlet.handler.BeanNameUrlHandlerMapping- Rejected bean name 'org.springframework.boot.autoconfigure.validation.ValidationAutoConfiguration': no URL paths identified
2018/10/16-22:23 [main] DEBUG org.springframework.web.servlet.handler.BeanNameUrlHandlerMapping- Rejected bean name 'defaultValidator': no URL paths identified
2018/10/16-22:23 [main] DEBUG org.springframework.web.servlet.handler.BeanNameUrlHandlerMapping- Rejected bean name 'methodValidationPostProcessor': no URL paths identified
2018/10/16-22:23 [main] DEBUG org.springframework.web.servlet.handler.BeanNameUrlHandlerMapping- Rejected bean name 'org.springframework.boot.autoconfigure.web.servlet.error.ErrorMvcAutoConfiguration$WhitelabelErrorViewConfiguration': no URL paths identified
2018/10/16-22:23 [main] DEBUG org.springframework.web.servlet.handler.BeanNameUrlHandlerMapping- Rejected bean name 'error': no URL paths identified
2018/10/16-22:23 [main] DEBUG org.springframework.web.servlet.handler.BeanNameUrlHandlerMapping- Rejected bean name 'beanNameViewResolver': no URL paths identified
2018/10/16-22:23 [main] DEBUG org.springframework.web.servlet.handler.BeanNameUrlHandlerMapping- Rejected bean name 'org.springframework.boot.autoconfigure.web.servlet.error.ErrorMvcAutoConfiguration$DefaultErrorViewResolverConfiguration': no URL paths identified
2018/10/16-22:23 [main] DEBUG org.springframework.web.servlet.handler.BeanNameUrlHandlerMapping- Rejected bean name 'conventionErrorViewResolver': no URL paths identified
2018/10/16-22:23 [main] DEBUG org.springframework.web.servlet.handler.BeanNameUrlHandlerMapping- Rejected bean name 'org.springframework.boot.autoconfigure.web.servlet.error.ErrorMvcAutoConfiguration': no URL paths identified
2018/10/16-22:23 [main] DEBUG org.springframework.web.servlet.handler.BeanNameUrlHandlerMapping- Rejected bean name 'errorAttributes': no URL paths identified
2018/10/16-22:23 [main] DEBUG org.springframework.web.servlet.handler.BeanNameUrlHandlerMapping- Rejected bean name 'basicErrorController': no URL paths identified
2018/10/16-22:23 [main] DEBUG org.springframework.web.servlet.handler.BeanNameUrlHandlerMapping- Rejected bean name 'errorPageCustomizer': no URL paths identified
2018/10/16-22:23 [main] DEBUG org.springframework.web.servlet.handler.BeanNameUrlHandlerMapping- Rejected bean name 'preserveErrorControllerTargetClassPostProcessor': no URL paths identified
2018/10/16-22:23 [main] DEBUG org.springframework.web.servlet.handler.BeanNameUrlHandlerMapping- Rejected bean name 'spring.resources-org.springframework.boot.autoconfigure.web.ResourceProperties': no URL paths identified
2018/10/16-22:23 [main] DEBUG org.springframework.web.servlet.handler.BeanNameUrlHandlerMapping- Rejected bean name 'org.springframework.boot.autoconfigure.web.servlet.WebMvcAutoConfiguration$WebMvcAutoConfigurationAdapter$FaviconConfiguration': no URL paths identified
2018/10/16-22:23 [main] DEBUG org.springframework.web.servlet.handler.BeanNameUrlHandlerMapping- Rejected bean name 'faviconHandlerMapping': no URL paths identified
2018/10/16-22:23 [main] DEBUG org.springframework.web.servlet.handler.BeanNameUrlHandlerMapping- Rejected bean name 'faviconRequestHandler': no URL paths identified
2018/10/16-22:23 [main] DEBUG org.springframework.web.servlet.handler.BeanNameUrlHandlerMapping- Rejected bean name 'org.springframework.boot.autoconfigure.web.servlet.WebMvcAutoConfiguration$EnableWebMvcConfiguration': no URL paths identified
2018/10/16-22:23 [main] DEBUG org.springframework.web.servlet.handler.BeanNameUrlHandlerMapping- Rejected bean name 'requestMappingHandlerAdapter': no URL paths identified
2018/10/16-22:23 [main] DEBUG org.springframework.web.servlet.handler.BeanNameUrlHandlerMapping- Rejected bean name 'requestMappingHandlerMapping': no URL paths identified
2018/10/16-22:23 [main] DEBUG org.springframework.web.servlet.handler.BeanNameUrlHandlerMapping- Rejected bean name 'mvcConversionService': no URL paths identified
2018/10/16-22:23 [main] DEBUG org.springframework.web.servlet.handler.BeanNameUrlHandlerMapping- Rejected bean name 'mvcValidator': no URL paths identified
2018/10/16-22:23 [main] DEBUG org.springframework.web.servlet.handler.BeanNameUrlHandlerMapping- Rejected bean name 'mvcContentNegotiationManager': no URL paths identified
2018/10/16-22:23 [main] DEBUG org.springframework.web.servlet.handler.BeanNameUrlHandlerMapping- Rejected bean name 'mvcPathMatcher': no URL paths identified
2018/10/16-22:23 [main] DEBUG org.springframework.web.servlet.handler.BeanNameUrlHandlerMapping- Rejected bean name 'mvcUrlPathHelper': no URL paths identified
2018/10/16-22:23 [main] DEBUG org.springframework.web.servlet.handler.BeanNameUrlHandlerMapping- Rejected bean name 'viewControllerHandlerMapping': no URL paths identified
2018/10/16-22:23 [main] DEBUG org.springframework.web.servlet.handler.BeanNameUrlHandlerMapping- Rejected bean name 'beanNameHandlerMapping': no URL paths identified
2018/10/16-22:23 [main] DEBUG org.springframework.web.servlet.handler.BeanNameUrlHandlerMapping- Rejected bean name 'resourceHandlerMapping': no URL paths identified
2018/10/16-22:23 [main] DEBUG org.springframework.web.servlet.handler.BeanNameUrlHandlerMapping- Rejected bean name 'mvcResourceUrlProvider': no URL paths identified
2018/10/16-22:23 [main] DEBUG org.springframework.web.servlet.handler.BeanNameUrlHandlerMapping- Rejected bean name 'defaultServletHandlerMapping': no URL paths identified
2018/10/16-22:23 [main] DEBUG org.springframework.web.servlet.handler.BeanNameUrlHandlerMapping- Rejected bean name 'mvcUriComponentsContributor': no URL paths identified
2018/10/16-22:23 [main] DEBUG org.springframework.web.servlet.handler.BeanNameUrlHandlerMapping- Rejected bean name 'httpRequestHandlerAdapter': no URL paths identified
2018/10/16-22:23 [main] DEBUG org.springframework.web.servlet.handler.BeanNameUrlHandlerMapping- Rejected bean name 'simpleControllerHandlerAdapter': no URL paths identified
2018/10/16-22:23 [main] DEBUG org.springframework.web.servlet.handler.BeanNameUrlHandlerMapping- Rejected bean name 'handlerExceptionResolver': no URL paths identified
2018/10/16-22:23 [main] DEBUG org.springframework.web.servlet.handler.BeanNameUrlHandlerMapping- Rejected bean name 'mvcViewResolver': no URL paths identified
2018/10/16-22:23 [main] DEBUG org.springframework.web.servlet.handler.BeanNameUrlHandlerMapping- Rejected bean name 'mvcHandlerMappingIntrospector': no URL paths identified
2018/10/16-22:23 [main] DEBUG org.springframework.web.servlet.handler.BeanNameUrlHandlerMapping- Rejected bean name 'org.springframework.boot.autoconfigure.web.servlet.WebMvcAutoConfiguration$WebMvcAutoConfigurationAdapter': no URL paths identified
2018/10/16-22:23 [main] DEBUG org.springframework.web.servlet.handler.BeanNameUrlHandlerMapping- Rejected bean name 'defaultViewResolver': no URL paths identified
2018/10/16-22:23 [main] DEBUG org.springframework.web.servlet.handler.BeanNameUrlHandlerMapping- Rejected bean name 'viewResolver': no URL paths identified
2018/10/16-22:23 [main] DEBUG org.springframework.web.servlet.handler.BeanNameUrlHandlerMapping- Rejected bean name 'welcomePageHandlerMapping': no URL paths identified
2018/10/16-22:23 [main] DEBUG org.springframework.web.servlet.handler.BeanNameUrlHandlerMapping- Rejected bean name 'requestContextFilter': no URL paths identified
2018/10/16-22:23 [main] DEBUG org.springframework.web.servlet.handler.BeanNameUrlHandlerMapping- Rejected bean name 'org.springframework.boot.autoconfigure.web.servlet.WebMvcAutoConfiguration': no URL paths identified
2018/10/16-22:23 [main] DEBUG org.springframework.web.servlet.handler.BeanNameUrlHandlerMapping- Rejected bean name 'hiddenHttpMethodFilter': no URL paths identified
2018/10/16-22:23 [main] DEBUG org.springframework.web.servlet.handler.BeanNameUrlHandlerMapping- Rejected bean name 'httpPutFormContentFilter': no URL paths identified
2018/10/16-22:23 [main] DEBUG org.springframework.web.servlet.handler.BeanNameUrlHandlerMapping- Rejected bean name 'org.springframework.boot.autoconfigure.jmx.JmxAutoConfiguration': no URL paths identified
2018/10/16-22:23 [main] DEBUG org.springframework.web.servlet.handler.BeanNameUrlHandlerMapping- Rejected bean name 'mbeanExporter': no URL paths identified
2018/10/16-22:23 [main] DEBUG org.springframework.web.servlet.handler.BeanNameUrlHandlerMapping- Rejected bean name 'objectNamingStrategy': no URL paths identified
2018/10/16-22:23 [main] DEBUG org.springframework.web.servlet.handler.BeanNameUrlHandlerMapping- Rejected bean name 'mbeanServer': no URL paths identified
2018/10/16-22:23 [main] DEBUG org.springframework.web.servlet.handler.BeanNameUrlHandlerMapping- Rejected bean name 'org.springframework.boot.autoconfigure.admin.SpringApplicationAdminJmxAutoConfiguration': no URL paths identified
2018/10/16-22:23 [main] DEBUG org.springframework.web.servlet.handler.BeanNameUrlHandlerMapping- Rejected bean name 'springApplicationAdminRegistrar': no URL paths identified
2018/10/16-22:23 [main] DEBUG org.springframework.web.servlet.handler.BeanNameUrlHandlerMapping- Rejected bean name 'org.springframework.boot.autoconfigure.context.ConfigurationPropertiesAutoConfiguration': no URL paths identified
2018/10/16-22:23 [main] DEBUG org.springframework.web.servlet.handler.BeanNameUrlHandlerMapping- Rejected bean name 'org.springframework.boot.autoconfigure.jackson.JacksonAutoConfiguration$Jackson2ObjectMapperBuilderCustomizerConfiguration': no URL paths identified
2018/10/16-22:23 [main] DEBUG org.springframework.web.servlet.handler.BeanNameUrlHandlerMapping- Rejected bean name 'standardJacksonObjectMapperBuilderCustomizer': no URL paths identified
2018/10/16-22:23 [main] DEBUG org.springframework.web.servlet.handler.BeanNameUrlHandlerMapping- Rejected bean name 'spring.jackson-org.springframework.boot.autoconfigure.jackson.JacksonProperties': no URL paths identified
2018/10/16-22:23 [main] DEBUG org.springframework.web.servlet.handler.BeanNameUrlHandlerMapping- Rejected bean name 'org.springframework.boot.autoconfigure.jackson.JacksonAutoConfiguration$JacksonObjectMapperBuilderConfiguration': no URL paths identified
2018/10/16-22:23 [main] DEBUG org.springframework.web.servlet.handler.BeanNameUrlHandlerMapping- Rejected bean name 'jacksonObjectMapperBuilder': no URL paths identified
2018/10/16-22:23 [main] DEBUG org.springframework.web.servlet.handler.BeanNameUrlHandlerMapping- Rejected bean name 'org.springframework.boot.autoconfigure.jackson.JacksonAutoConfiguration$ParameterNamesModuleConfiguration': no URL paths identified
2018/10/16-22:23 [main] DEBUG org.springframework.web.servlet.handler.BeanNameUrlHandlerMapping- Rejected bean name 'parameterNamesModule': no URL paths identified
2018/10/16-22:23 [main] DEBUG org.springframework.web.servlet.handler.BeanNameUrlHandlerMapping- Rejected bean name 'org.springframework.boot.autoconfigure.jackson.JacksonAutoConfiguration$JacksonObjectMapperConfiguration': no URL paths identified
2018/10/16-22:23 [main] DEBUG org.springframework.web.servlet.handler.BeanNameUrlHandlerMapping- Rejected bean name 'jacksonObjectMapper': no URL paths identified
2018/10/16-22:23 [main] DEBUG org.springframework.web.servlet.handler.BeanNameUrlHandlerMapping- Rejected bean name 'org.springframework.boot.autoconfigure.jackson.JacksonAutoConfiguration': no URL paths identified
2018/10/16-22:23 [main] DEBUG org.springframework.web.servlet.handler.BeanNameUrlHandlerMapping- Rejected bean name 'jsonComponentModule': no URL paths identified
2018/10/16-22:23 [main] DEBUG org.springframework.web.servlet.handler.BeanNameUrlHandlerMapping- Rejected bean name 'org.springframework.boot.autoconfigure.http.HttpMessageConvertersAutoConfiguration$StringHttpMessageConverterConfiguration': no URL paths identified
2018/10/16-22:23 [main] DEBUG org.springframework.web.servlet.handler.BeanNameUrlHandlerMapping- Rejected bean name 'stringHttpMessageConverter': no URL paths identified
2018/10/16-22:23 [main] DEBUG org.springframework.web.servlet.handler.BeanNameUrlHandlerMapping- Rejected bean name 'spring.http.encoding-org.springframework.boot.autoconfigure.http.HttpEncodingProperties': no URL paths identified
2018/10/16-22:23 [main] DEBUG org.springframework.web.servlet.handler.BeanNameUrlHandlerMapping- Rejected bean name 'org.springframework.boot.autoconfigure.http.JacksonHttpMessageConvertersConfiguration$MappingJackson2HttpMessageConverterConfiguration': no URL paths identified
2018/10/16-22:23 [main] DEBUG org.springframework.web.servlet.handler.BeanNameUrlHandlerMapping- Rejected bean name 'mappingJackson2HttpMessageConverter': no URL paths identified
2018/10/16-22:23 [main] DEBUG org.springframework.web.servlet.handler.BeanNameUrlHandlerMapping- Rejected bean name 'org.springframework.boot.autoconfigure.http.JacksonHttpMessageConvertersConfiguration': no URL paths identified
2018/10/16-22:23 [main] DEBUG org.springframework.web.servlet.handler.BeanNameUrlHandlerMapping- Rejected bean name 'org.springframework.boot.autoconfigure.http.HttpMessageConvertersAutoConfiguration': no URL paths identified
2018/10/16-22:23 [main] DEBUG org.springframework.web.servlet.handler.BeanNameUrlHandlerMapping- Rejected bean name 'messageConverters': no URL paths identified
2018/10/16-22:23 [main] DEBUG org.springframework.web.servlet.handler.BeanNameUrlHandlerMapping- Rejected bean name 'org.springframework.boot.autoconfigure.http.codec.CodecsAutoConfiguration$JacksonCodecConfiguration': no URL paths identified
2018/10/16-22:23 [main] DEBUG org.springframework.web.servlet.handler.BeanNameUrlHandlerMapping- Rejected bean name 'jacksonCodecCustomizer': no URL paths identified
2018/10/16-22:23 [main] DEBUG org.springframework.web.servlet.handler.BeanNameUrlHandlerMapping- Rejected bean name 'org.springframework.boot.autoconfigure.http.codec.CodecsAutoConfiguration': no URL paths identified
2018/10/16-22:23 [main] DEBUG org.springframework.web.servlet.handler.BeanNameUrlHandlerMapping- Rejected bean name 'org.springframework.boot.autoconfigure.info.ProjectInfoAutoConfiguration': no URL paths identified
2018/10/16-22:23 [main] DEBUG org.springframework.web.servlet.handler.BeanNameUrlHandlerMapping- Rejected bean name 'spring.info-org.springframework.boot.autoconfigure.info.ProjectInfoProperties': no URL paths identified
2018/10/16-22:23 [main] DEBUG org.springframework.web.servlet.handler.BeanNameUrlHandlerMapping- Rejected bean name 'org.springframework.boot.autoconfigure.web.client.RestTemplateAutoConfiguration': no URL paths identified
2018/10/16-22:23 [main] DEBUG org.springframework.web.servlet.handler.BeanNameUrlHandlerMapping- Rejected bean name 'restTemplateBuilder': no URL paths identified
2018/10/16-22:23 [main] DEBUG org.springframework.web.servlet.handler.BeanNameUrlHandlerMapping- Rejected bean name 'org.springframework.boot.autoconfigure.web.embedded.EmbeddedWebServerFactoryCustomizerAutoConfiguration$TomcatWebServerFactoryCustomizerConfiguration': no URL paths identified
2018/10/16-22:23 [main] DEBUG org.springframework.web.servlet.handler.BeanNameUrlHandlerMapping- Rejected bean name 'tomcatWebServerFactoryCustomizer': no URL paths identified
2018/10/16-22:23 [main] DEBUG org.springframework.web.servlet.handler.BeanNameUrlHandlerMapping- Rejected bean name 'org.springframework.boot.autoconfigure.web.embedded.EmbeddedWebServerFactoryCustomizerAutoConfiguration': no URL paths identified
2018/10/16-22:23 [main] DEBUG org.springframework.web.servlet.handler.BeanNameUrlHandlerMapping- Rejected bean name 'org.springframework.boot.autoconfigure.web.servlet.HttpEncodingAutoConfiguration': no URL paths identified
2018/10/16-22:23 [main] DEBUG org.springframework.web.servlet.handler.BeanNameUrlHandlerMapping- Rejected bean name 'characterEncodingFilter': no URL paths identified
2018/10/16-22:23 [main] DEBUG org.springframework.web.servlet.handler.BeanNameUrlHandlerMapping- Rejected bean name 'localeCharsetMappingsCustomizer': no URL paths identified
2018/10/16-22:23 [main] DEBUG org.springframework.web.servlet.handler.BeanNameUrlHandlerMapping- Rejected bean name 'org.springframework.boot.autoconfigure.web.servlet.MultipartAutoConfiguration': no URL paths identified
2018/10/16-22:23 [main] DEBUG org.springframework.web.servlet.handler.BeanNameUrlHandlerMapping- Rejected bean name 'multipartConfigElement': no URL paths identified
2018/10/16-22:23 [main] DEBUG org.springframework.web.servlet.handler.BeanNameUrlHandlerMapping- Rejected bean name 'multipartResolver': no URL paths identified
2018/10/16-22:23 [main] DEBUG org.springframework.web.servlet.handler.BeanNameUrlHandlerMapping- Rejected bean name 'spring.servlet.multipart-org.springframework.boot.autoconfigure.web.servlet.MultipartProperties': no URL paths identified
2018/10/16-22:23 [main] DEBUG org.springframework.web.servlet.handler.BeanNameUrlHandlerMapping- Rejected bean name 'autoConfigurationReport': no URL paths identified
2018/10/16-22:23 [main] DEBUG org.springframework.web.servlet.handler.BeanNameUrlHandlerMapping- Rejected bean name 'org.springframework.boot.context.ContextIdApplicationContextInitializer$ContextId': no URL paths identified
2018/10/16-22:23 [main] DEBUG org.springframework.web.servlet.handler.BeanNameUrlHandlerMapping- Rejected bean name 'springApplicationArguments': no URL paths identified
2018/10/16-22:23 [main] DEBUG org.springframework.web.servlet.handler.BeanNameUrlHandlerMapping- Rejected bean name 'springBootBanner': no URL paths identified
2018/10/16-22:23 [main] DEBUG org.springframework.web.servlet.handler.BeanNameUrlHandlerMapping- Rejected bean name 'springBootLoggingSystem': no URL paths identified
2018/10/16-22:23 [main] DEBUG org.springframework.web.servlet.handler.BeanNameUrlHandlerMapping- Rejected bean name 'environment': no URL paths identified
2018/10/16-22:23 [main] DEBUG org.springframework.web.servlet.handler.BeanNameUrlHandlerMapping- Rejected bean name 'systemProperties': no URL paths identified
2018/10/16-22:23 [main] DEBUG org.springframework.web.servlet.handler.BeanNameUrlHandlerMapping- Rejected bean name 'systemEnvironment': no URL paths identified
2018/10/16-22:23 [main] DEBUG org.springframework.web.servlet.handler.BeanNameUrlHandlerMapping- Rejected bean name 'org.springframework.context.annotation.ConfigurationClassPostProcessor.importRegistry': no URL paths identified
2018/10/16-22:23 [main] DEBUG org.springframework.web.servlet.handler.BeanNameUrlHandlerMapping- Rejected bean name 'messageSource': no URL paths identified
2018/10/16-22:23 [main] DEBUG org.springframework.web.servlet.handler.BeanNameUrlHandlerMapping- Rejected bean name 'applicationEventMulticaster': no URL paths identified
2018/10/16-22:23 [main] DEBUG org.springframework.web.servlet.handler.BeanNameUrlHandlerMapping- Rejected bean name 'servletContext': no URL paths identified
2018/10/16-22:23 [main] DEBUG org.springframework.web.servlet.handler.BeanNameUrlHandlerMapping- Rejected bean name 'contextParameters': no URL paths identified
2018/10/16-22:23 [main] DEBUG org.springframework.web.servlet.handler.BeanNameUrlHandlerMapping- Rejected bean name 'contextAttributes': no URL paths identified
2018/10/16-22:23 [main] INFO  org.springframework.web.servlet.handler.SimpleUrlHandlerMapping- Mapped URL path [/webjars/**] onto handler of type [class org.springframework.web.servlet.resource.ResourceHttpRequestHandler]
2018/10/16-22:23 [main] INFO  org.springframework.web.servlet.handler.SimpleUrlHandlerMapping- Mapped URL path [/**] onto handler of type [class org.springframework.web.servlet.resource.ResourceHttpRequestHandler]
2018/10/16-22:23 [main] DEBUG org.springframework.web.servlet.mvc.method.annotation.ExceptionHandlerExceptionResolver- Looking for exception mappings: org.springframework.boot.web.servlet.context.AnnotationConfigServletWebServerApplicationContext@60d8c9b7: startup date [Tue Oct 16 22:23:09 CST 2018]; root of context hierarchy
2018/10/16-22:23 [main] DEBUG org.springframework.web.servlet.resource.ResourceUrlProvider- Looking for resource handler mappings
2018/10/16-22:23 [main] DEBUG org.springframework.web.servlet.resource.ResourceUrlProvider- Found resource handler mapping: URL pattern="/**/favicon.ico", locations=[class path resource [META-INF/resources/], class path resource [resources/], class path resource [static/], class path resource [public/], ServletContext resource [/], class path resource []], resolvers=[org.springframework.web.servlet.resource.PathResourceResolver@41200e0c]
2018/10/16-22:23 [main] DEBUG org.springframework.web.servlet.resource.ResourceUrlProvider- Found resource handler mapping: URL pattern="/webjars/**", locations=[class path resource [META-INF/resources/webjars/]], resolvers=[org.springframework.web.servlet.resource.PathResourceResolver@40f33492]
2018/10/16-22:23 [main] DEBUG org.springframework.web.servlet.resource.ResourceUrlProvider- Found resource handler mapping: URL pattern="/**", locations=[class path resource [META-INF/resources/], class path resource [resources/], class path resource [static/], class path resource [public/], ServletContext resource [/]], resolvers=[org.springframework.web.servlet.resource.PathResourceResolver@4fbdc0f0]
2018/10/16-22:23 [main] DEBUG org.springframework.web.context.support.StandardServletEnvironment- Adding PropertySource 'server.ports' with highest search precedence
2018/10/16-22:24 [main] INFO  com.caosoft.hyper.api.server.HyperApiApplication- Starting HyperApiApplication on DELL-T1600 with PID 1624 (D:\Codes\Java\hyper-api\target\classes started by Myron in D:\Codes\Java\hyper-api)
2018/10/16-22:24 [main] DEBUG com.caosoft.hyper.api.server.HyperApiApplication- Running with Spring Boot v2.0.5.RELEASE, Spring v5.0.9.RELEASE
2018/10/16-22:24 [main] INFO  com.caosoft.hyper.api.server.HyperApiApplication- No active profile set, falling back to default profiles: default
2018/10/16-22:24 [localhost-startStop-1] INFO  org.springframework.web.context.ContextLoader- Root WebApplicationContext: initialization completed in 1259 ms
2018/10/16-22:24 [main] INFO  org.springframework.web.servlet.handler.SimpleUrlHandlerMapping- Mapped URL path [/**/favicon.ico] onto handler of type [class org.springframework.web.servlet.resource.ResourceHttpRequestHandler]
2018/10/16-22:24 [main] INFO  org.springframework.web.servlet.mvc.method.annotation.RequestMappingHandlerAdapter- Looking for @ControllerAdvice: org.springframework.boot.web.servlet.context.AnnotationConfigServletWebServerApplicationContext@48fa0f47: startup date [Tue Oct 16 22:24:10 CST 2018]; root of context hierarchy
2018/10/16-22:24 [main] INFO  org.springframework.web.servlet.mvc.method.annotation.RequestMappingHandlerMapping- Mapped "{[/index/demo],methods=[POST]}" onto public com.caosoft.hyper.api.server.starter.po.HyperResult com.caosoft.hyper.api.server.controller.IndexController.demo()
2018/10/16-22:24 [main] INFO  org.springframework.web.servlet.mvc.method.annotation.RequestMappingHandlerMapping- Mapped "{[/error]}" onto public org.springframework.http.ResponseEntity<java.util.Map<java.lang.String, java.lang.Object>> org.springframework.boot.autoconfigure.web.servlet.error.BasicErrorController.error(javax.servlet.http.HttpServletRequest)
2018/10/16-22:24 [main] INFO  org.springframework.web.servlet.mvc.method.annotation.RequestMappingHandlerMapping- Mapped "{[/error],produces=[text/html]}" onto public org.springframework.web.servlet.ModelAndView org.springframework.boot.autoconfigure.web.servlet.error.BasicErrorController.errorHtml(javax.servlet.http.HttpServletRequest,javax.servlet.http.HttpServletResponse)
2018/10/16-22:24 [main] INFO  org.springframework.web.servlet.handler.SimpleUrlHandlerMapping- Mapped URL path [/webjars/**] onto handler of type [class org.springframework.web.servlet.resource.ResourceHttpRequestHandler]
2018/10/16-22:24 [main] INFO  org.springframework.web.servlet.handler.SimpleUrlHandlerMapping- Mapped URL path [/**] onto handler of type [class org.springframework.web.servlet.resource.ResourceHttpRequestHandler]
2018/10/16-22:24 [main] INFO  com.caosoft.hyper.api.server.HyperApiApplication- Started HyperApiApplication in 2.289 seconds (JVM running for 3.186)
2018/10/16-22:24 [main] DEBUG org.springframework.web.context.support.StandardServletEnvironment- Adding PropertySource 'configurationProperties' with highest search precedence
2018/10/16-22:24 [main] DEBUG org.springframework.web.context.support.StandardServletEnvironment- Adding PropertySource 'servletConfigInitParams' with lowest search precedence
2018/10/16-22:24 [main] DEBUG org.springframework.web.context.support.StandardServletEnvironment- Adding PropertySource 'servletContextInitParams' with lowest search precedence
2018/10/16-22:24 [main] DEBUG org.springframework.web.context.support.StandardServletEnvironment- Adding PropertySource 'systemProperties' with lowest search precedence
2018/10/16-22:24 [main] DEBUG org.springframework.web.context.support.StandardServletEnvironment- Adding PropertySource 'systemEnvironment' with lowest search precedence
2018/10/16-22:24 [main] DEBUG org.springframework.web.context.support.StandardServletEnvironment- Initialized StandardServletEnvironment with PropertySources [StubPropertySource {name='servletConfigInitParams'}, StubPropertySource {name='servletContextInitParams'}, MapPropertySource {name='systemProperties'}, SystemEnvironmentPropertySource {name='systemEnvironment'}]
2018/10/16-22:24 [main] INFO  com.caosoft.hyper.api.server.HyperApiApplication- Starting HyperApiApplication on DELL-T1600 with PID 15040 (D:\Codes\Java\hyper-api\target\classes started by Myron in D:\Codes\Java\hyper-api)
2018/10/16-22:24 [main] DEBUG com.caosoft.hyper.api.server.HyperApiApplication- Running with Spring Boot v2.0.5.RELEASE, Spring v5.0.9.RELEASE
2018/10/16-22:24 [main] INFO  com.caosoft.hyper.api.server.HyperApiApplication- No active profile set, falling back to default profiles: default
2018/10/16-22:24 [main] DEBUG org.springframework.web.context.support.StandardServletEnvironment- Removing PropertySource 'defaultProperties'
2018/10/16-22:24 [localhost-startStop-1] DEBUG org.springframework.web.context.ContextLoader- Published root WebApplicationContext as ServletContext attribute with name [org.springframework.web.context.WebApplicationContext.ROOT]
2018/10/16-22:24 [localhost-startStop-1] INFO  org.springframework.web.context.ContextLoader- Root WebApplicationContext: initialization completed in 1274 ms
2018/10/16-22:24 [main] DEBUG org.springframework.web.context.support.StandardServletEnvironment- Replacing PropertySource 'servletContextInitParams' with 'servletContextInitParams'
2018/10/16-22:24 [main] INFO  org.springframework.web.servlet.handler.SimpleUrlHandlerMapping- Mapped URL path [/**/favicon.ico] onto handler of type [class org.springframework.web.servlet.resource.ResourceHttpRequestHandler]
2018/10/16-22:24 [main] INFO  org.springframework.web.servlet.mvc.method.annotation.RequestMappingHandlerAdapter- Looking for @ControllerAdvice: org.springframework.boot.web.servlet.context.AnnotationConfigServletWebServerApplicationContext@7c0c77c7: startup date [Tue Oct 16 22:24:21 CST 2018]; root of context hierarchy
2018/10/16-22:24 [main] DEBUG org.springframework.web.servlet.mvc.method.annotation.RequestMappingHandlerMapping- Looking for request mappings in application context: org.springframework.boot.web.servlet.context.AnnotationConfigServletWebServerApplicationContext@7c0c77c7: startup date [Tue Oct 16 22:24:21 CST 2018]; root of context hierarchy
2018/10/16-22:24 [main] DEBUG org.springframework.web.servlet.mvc.method.annotation.RequestMappingHandlerMapping- 1 request handler methods found on class com.caosoft.hyper.api.server.controller.IndexController: {public com.caosoft.hyper.api.server.starter.po.HyperResult com.caosoft.hyper.api.server.controller.IndexController.demo()={[/index/demo],methods=[POST]}}
2018/10/16-22:24 [main] INFO  org.springframework.web.servlet.mvc.method.annotation.RequestMappingHandlerMapping- Mapped "{[/index/demo],methods=[POST]}" onto public com.caosoft.hyper.api.server.starter.po.HyperResult com.caosoft.hyper.api.server.controller.IndexController.demo()
2018/10/16-22:24 [main] DEBUG org.springframework.web.servlet.mvc.method.annotation.RequestMappingHandlerMapping- 2 request handler methods found on class org.springframework.boot.autoconfigure.web.servlet.error.BasicErrorController: {public org.springframework.http.ResponseEntity org.springframework.boot.autoconfigure.web.servlet.error.BasicErrorController.error(javax.servlet.http.HttpServletRequest)={[/error]}, public org.springframework.web.servlet.ModelAndView org.springframework.boot.autoconfigure.web.servlet.error.BasicErrorController.errorHtml(javax.servlet.http.HttpServletRequest,javax.servlet.http.HttpServletResponse)={[/error],produces=[text/html]}}
2018/10/16-22:24 [main] INFO  org.springframework.web.servlet.mvc.method.annotation.RequestMappingHandlerMapping- Mapped "{[/error]}" onto public org.springframework.http.ResponseEntity<java.util.Map<java.lang.String, java.lang.Object>> org.springframework.boot.autoconfigure.web.servlet.error.BasicErrorController.error(javax.servlet.http.HttpServletRequest)
2018/10/16-22:24 [main] INFO  org.springframework.web.servlet.mvc.method.annotation.RequestMappingHandlerMapping- Mapped "{[/error],produces=[text/html]}" onto public org.springframework.web.servlet.ModelAndView org.springframework.boot.autoconfigure.web.servlet.error.BasicErrorController.errorHtml(javax.servlet.http.HttpServletRequest,javax.servlet.http.HttpServletResponse)
2018/10/16-22:24 [main] DEBUG org.springframework.web.servlet.handler.BeanNameUrlHandlerMapping- Looking for URL mappings in application context: org.springframework.boot.web.servlet.context.AnnotationConfigServletWebServerApplicationContext@7c0c77c7: startup date [Tue Oct 16 22:24:21 CST 2018]; root of context hierarchy
2018/10/16-22:24 [main] DEBUG org.springframework.web.servlet.handler.BeanNameUrlHandlerMapping- Rejected bean name 'org.springframework.context.annotation.internalConfigurationAnnotationProcessor': no URL paths identified
2018/10/16-22:24 [main] DEBUG org.springframework.web.servlet.handler.BeanNameUrlHandlerMapping- Rejected bean name 'org.springframework.context.annotation.internalAutowiredAnnotationProcessor': no URL paths identified
2018/10/16-22:24 [main] DEBUG org.springframework.web.servlet.handler.BeanNameUrlHandlerMapping- Rejected bean name 'org.springframework.context.annotation.internalRequiredAnnotationProcessor': no URL paths identified
2018/10/16-22:24 [main] DEBUG org.springframework.web.servlet.handler.BeanNameUrlHandlerMapping- Rejected bean name 'org.springframework.context.annotation.internalCommonAnnotationProcessor': no URL paths identified
2018/10/16-22:24 [main] DEBUG org.springframework.web.servlet.handler.BeanNameUrlHandlerMapping- Rejected bean name 'org.springframework.context.event.internalEventListenerProcessor': no URL paths identified
2018/10/16-22:24 [main] DEBUG org.springframework.web.servlet.handler.BeanNameUrlHandlerMapping- Rejected bean name 'org.springframework.context.event.internalEventListenerFactory': no URL paths identified
2018/10/16-22:24 [main] DEBUG org.springframework.web.servlet.handler.BeanNameUrlHandlerMapping- Rejected bean name 'hyperApiApplication': no URL paths identified
2018/10/16-22:24 [main] DEBUG org.springframework.web.servlet.handler.BeanNameUrlHandlerMapping- Rejected bean name 'org.springframework.boot.autoconfigure.internalCachingMetadataReaderFactory': no URL paths identified
2018/10/16-22:24 [main] DEBUG org.springframework.web.servlet.handler.BeanNameUrlHandlerMapping- Rejected bean name 'indexController': no URL paths identified
2018/10/16-22:24 [main] DEBUG org.springframework.web.servlet.handler.BeanNameUrlHandlerMapping- Rejected bean name 'appKeyFilter': no URL paths identified
2018/10/16-22:24 [main] DEBUG org.springframework.web.servlet.handler.BeanNameUrlHandlerMapping- Rejected bean name 'org.springframework.boot.autoconfigure.AutoConfigurationPackages': no URL paths identified
2018/10/16-22:24 [main] DEBUG org.springframework.web.servlet.handler.BeanNameUrlHandlerMapping- Rejected bean name 'org.springframework.boot.autoconfigure.context.PropertyPlaceholderAutoConfiguration': no URL paths identified
2018/10/16-22:24 [main] DEBUG org.springframework.web.servlet.handler.BeanNameUrlHandlerMapping- Rejected bean name 'org.springframework.boot.autoconfigure.condition.BeanTypeRegistry': no URL paths identified
2018/10/16-22:24 [main] DEBUG org.springframework.web.servlet.handler.BeanNameUrlHandlerMapping- Rejected bean name 'propertySourcesPlaceholderConfigurer': no URL paths identified
2018/10/16-22:24 [main] DEBUG org.springframework.web.servlet.handler.BeanNameUrlHandlerMapping- Rejected bean name 'org.springframework.boot.autoconfigure.websocket.servlet.WebSocketServletAutoConfiguration$TomcatWebSocketConfiguration': no URL paths identified
2018/10/16-22:24 [main] DEBUG org.springframework.web.servlet.handler.BeanNameUrlHandlerMapping- Rejected bean name 'websocketContainerCustomizer': no URL paths identified
2018/10/16-22:24 [main] DEBUG org.springframework.web.servlet.handler.BeanNameUrlHandlerMapping- Rejected bean name 'org.springframework.boot.autoconfigure.websocket.servlet.WebSocketServletAutoConfiguration': no URL paths identified
2018/10/16-22:24 [main] DEBUG org.springframework.web.servlet.handler.BeanNameUrlHandlerMapping- Rejected bean name 'org.springframework.boot.autoconfigure.web.servlet.ServletWebServerFactoryConfiguration$EmbeddedTomcat': no URL paths identified
2018/10/16-22:24 [main] DEBUG org.springframework.web.servlet.handler.BeanNameUrlHandlerMapping- Rejected bean name 'tomcatServletWebServerFactory': no URL paths identified
2018/10/16-22:24 [main] DEBUG org.springframework.web.servlet.handler.BeanNameUrlHandlerMapping- Rejected bean name 'org.springframework.boot.autoconfigure.web.servlet.ServletWebServerFactoryAutoConfiguration': no URL paths identified
2018/10/16-22:24 [main] DEBUG org.springframework.web.servlet.handler.BeanNameUrlHandlerMapping- Rejected bean name 'servletWebServerFactoryCustomizer': no URL paths identified
2018/10/16-22:24 [main] DEBUG org.springframework.web.servlet.handler.BeanNameUrlHandlerMapping- Rejected bean name 'tomcatServletWebServerFactoryCustomizer': no URL paths identified
2018/10/16-22:24 [main] DEBUG org.springframework.web.servlet.handler.BeanNameUrlHandlerMapping- Rejected bean name 'server-org.springframework.boot.autoconfigure.web.ServerProperties': no URL paths identified
2018/10/16-22:24 [main] DEBUG org.springframework.web.servlet.handler.BeanNameUrlHandlerMapping- Rejected bean name 'org.springframework.boot.context.properties.ConfigurationPropertiesBindingPostProcessor': no URL paths identified
2018/10/16-22:24 [main] DEBUG org.springframework.web.servlet.handler.BeanNameUrlHandlerMapping- Rejected bean name 'org.springframework.boot.context.properties.ConfigurationBeanFactoryMetadata': no URL paths identified
2018/10/16-22:24 [main] DEBUG org.springframework.web.servlet.handler.BeanNameUrlHandlerMapping- Rejected bean name 'webServerFactoryCustomizerBeanPostProcessor': no URL paths identified
2018/10/16-22:24 [main] DEBUG org.springframework.web.servlet.handler.BeanNameUrlHandlerMapping- Rejected bean name 'errorPageRegistrarBeanPostProcessor': no URL paths identified
2018/10/16-22:24 [main] DEBUG org.springframework.web.servlet.handler.BeanNameUrlHandlerMapping- Rejected bean name 'org.springframework.boot.autoconfigure.web.servlet.DispatcherServletAutoConfiguration$DispatcherServletConfiguration': no URL paths identified
2018/10/16-22:24 [main] DEBUG org.springframework.web.servlet.handler.BeanNameUrlHandlerMapping- Rejected bean name 'dispatcherServlet': no URL paths identified
2018/10/16-22:24 [main] DEBUG org.springframework.web.servlet.handler.BeanNameUrlHandlerMapping- Rejected bean name 'spring.mvc-org.springframework.boot.autoconfigure.web.servlet.WebMvcProperties': no URL paths identified
2018/10/16-22:24 [main] DEBUG org.springframework.web.servlet.handler.BeanNameUrlHandlerMapping- Rejected bean name 'org.springframework.boot.autoconfigure.web.servlet.DispatcherServletAutoConfiguration$DispatcherServletRegistrationConfiguration': no URL paths identified
2018/10/16-22:24 [main] DEBUG org.springframework.web.servlet.handler.BeanNameUrlHandlerMapping- Rejected bean name 'dispatcherServletRegistration': no URL paths identified
2018/10/16-22:24 [main] DEBUG org.springframework.web.servlet.handler.BeanNameUrlHandlerMapping- Rejected bean name 'org.springframework.boot.autoconfigure.web.servlet.DispatcherServletAutoConfiguration': no URL paths identified
2018/10/16-22:24 [main] DEBUG org.springframework.web.servlet.handler.BeanNameUrlHandlerMapping- Rejected bean name 'org.springframework.boot.autoconfigure.validation.ValidationAutoConfiguration': no URL paths identified
2018/10/16-22:24 [main] DEBUG org.springframework.web.servlet.handler.BeanNameUrlHandlerMapping- Rejected bean name 'defaultValidator': no URL paths identified
2018/10/16-22:24 [main] DEBUG org.springframework.web.servlet.handler.BeanNameUrlHandlerMapping- Rejected bean name 'methodValidationPostProcessor': no URL paths identified
2018/10/16-22:24 [main] DEBUG org.springframework.web.servlet.handler.BeanNameUrlHandlerMapping- Rejected bean name 'org.springframework.boot.autoconfigure.web.servlet.error.ErrorMvcAutoConfiguration$WhitelabelErrorViewConfiguration': no URL paths identified
2018/10/16-22:24 [main] DEBUG org.springframework.web.servlet.handler.BeanNameUrlHandlerMapping- Rejected bean name 'error': no URL paths identified
2018/10/16-22:24 [main] DEBUG org.springframework.web.servlet.handler.BeanNameUrlHandlerMapping- Rejected bean name 'beanNameViewResolver': no URL paths identified
2018/10/16-22:24 [main] DEBUG org.springframework.web.servlet.handler.BeanNameUrlHandlerMapping- Rejected bean name 'org.springframework.boot.autoconfigure.web.servlet.error.ErrorMvcAutoConfiguration$DefaultErrorViewResolverConfiguration': no URL paths identified
2018/10/16-22:24 [main] DEBUG org.springframework.web.servlet.handler.BeanNameUrlHandlerMapping- Rejected bean name 'conventionErrorViewResolver': no URL paths identified
2018/10/16-22:24 [main] DEBUG org.springframework.web.servlet.handler.BeanNameUrlHandlerMapping- Rejected bean name 'org.springframework.boot.autoconfigure.web.servlet.error.ErrorMvcAutoConfiguration': no URL paths identified
2018/10/16-22:24 [main] DEBUG org.springframework.web.servlet.handler.BeanNameUrlHandlerMapping- Rejected bean name 'errorAttributes': no URL paths identified
2018/10/16-22:24 [main] DEBUG org.springframework.web.servlet.handler.BeanNameUrlHandlerMapping- Rejected bean name 'basicErrorController': no URL paths identified
2018/10/16-22:24 [main] DEBUG org.springframework.web.servlet.handler.BeanNameUrlHandlerMapping- Rejected bean name 'errorPageCustomizer': no URL paths identified
2018/10/16-22:24 [main] DEBUG org.springframework.web.servlet.handler.BeanNameUrlHandlerMapping- Rejected bean name 'preserveErrorControllerTargetClassPostProcessor': no URL paths identified
2018/10/16-22:24 [main] DEBUG org.springframework.web.servlet.handler.BeanNameUrlHandlerMapping- Rejected bean name 'spring.resources-org.springframework.boot.autoconfigure.web.ResourceProperties': no URL paths identified
2018/10/16-22:24 [main] DEBUG org.springframework.web.servlet.handler.BeanNameUrlHandlerMapping- Rejected bean name 'org.springframework.boot.autoconfigure.web.servlet.WebMvcAutoConfiguration$WebMvcAutoConfigurationAdapter$FaviconConfiguration': no URL paths identified
2018/10/16-22:24 [main] DEBUG org.springframework.web.servlet.handler.BeanNameUrlHandlerMapping- Rejected bean name 'faviconHandlerMapping': no URL paths identified
2018/10/16-22:24 [main] DEBUG org.springframework.web.servlet.handler.BeanNameUrlHandlerMapping- Rejected bean name 'faviconRequestHandler': no URL paths identified
2018/10/16-22:24 [main] DEBUG org.springframework.web.servlet.handler.BeanNameUrlHandlerMapping- Rejected bean name 'org.springframework.boot.autoconfigure.web.servlet.WebMvcAutoConfiguration$EnableWebMvcConfiguration': no URL paths identified
2018/10/16-22:24 [main] DEBUG org.springframework.web.servlet.handler.BeanNameUrlHandlerMapping- Rejected bean name 'requestMappingHandlerAdapter': no URL paths identified
2018/10/16-22:24 [main] DEBUG org.springframework.web.servlet.handler.BeanNameUrlHandlerMapping- Rejected bean name 'requestMappingHandlerMapping': no URL paths identified
2018/10/16-22:24 [main] DEBUG org.springframework.web.servlet.handler.BeanNameUrlHandlerMapping- Rejected bean name 'mvcConversionService': no URL paths identified
2018/10/16-22:24 [main] DEBUG org.springframework.web.servlet.handler.BeanNameUrlHandlerMapping- Rejected bean name 'mvcValidator': no URL paths identified
2018/10/16-22:24 [main] DEBUG org.springframework.web.servlet.handler.BeanNameUrlHandlerMapping- Rejected bean name 'mvcContentNegotiationManager': no URL paths identified
2018/10/16-22:24 [main] DEBUG org.springframework.web.servlet.handler.BeanNameUrlHandlerMapping- Rejected bean name 'mvcPathMatcher': no URL paths identified
2018/10/16-22:24 [main] DEBUG org.springframework.web.servlet.handler.BeanNameUrlHandlerMapping- Rejected bean name 'mvcUrlPathHelper': no URL paths identified
2018/10/16-22:24 [main] DEBUG org.springframework.web.servlet.handler.BeanNameUrlHandlerMapping- Rejected bean name 'viewControllerHandlerMapping': no URL paths identified
2018/10/16-22:24 [main] DEBUG org.springframework.web.servlet.handler.BeanNameUrlHandlerMapping- Rejected bean name 'beanNameHandlerMapping': no URL paths identified
2018/10/16-22:24 [main] DEBUG org.springframework.web.servlet.handler.BeanNameUrlHandlerMapping- Rejected bean name 'resourceHandlerMapping': no URL paths identified
2018/10/16-22:24 [main] DEBUG org.springframework.web.servlet.handler.BeanNameUrlHandlerMapping- Rejected bean name 'mvcResourceUrlProvider': no URL paths identified
2018/10/16-22:24 [main] DEBUG org.springframework.web.servlet.handler.BeanNameUrlHandlerMapping- Rejected bean name 'defaultServletHandlerMapping': no URL paths identified
2018/10/16-22:24 [main] DEBUG org.springframework.web.servlet.handler.BeanNameUrlHandlerMapping- Rejected bean name 'mvcUriComponentsContributor': no URL paths identified
2018/10/16-22:24 [main] DEBUG org.springframework.web.servlet.handler.BeanNameUrlHandlerMapping- Rejected bean name 'httpRequestHandlerAdapter': no URL paths identified
2018/10/16-22:24 [main] DEBUG org.springframework.web.servlet.handler.BeanNameUrlHandlerMapping- Rejected bean name 'simpleControllerHandlerAdapter': no URL paths identified
2018/10/16-22:24 [main] DEBUG org.springframework.web.servlet.handler.BeanNameUrlHandlerMapping- Rejected bean name 'handlerExceptionResolver': no URL paths identified
2018/10/16-22:24 [main] DEBUG org.springframework.web.servlet.handler.BeanNameUrlHandlerMapping- Rejected bean name 'mvcViewResolver': no URL paths identified
2018/10/16-22:24 [main] DEBUG org.springframework.web.servlet.handler.BeanNameUrlHandlerMapping- Rejected bean name 'mvcHandlerMappingIntrospector': no URL paths identified
2018/10/16-22:24 [main] DEBUG org.springframework.web.servlet.handler.BeanNameUrlHandlerMapping- Rejected bean name 'org.springframework.boot.autoconfigure.web.servlet.WebMvcAutoConfiguration$WebMvcAutoConfigurationAdapter': no URL paths identified
2018/10/16-22:24 [main] DEBUG org.springframework.web.servlet.handler.BeanNameUrlHandlerMapping- Rejected bean name 'defaultViewResolver': no URL paths identified
2018/10/16-22:24 [main] DEBUG org.springframework.web.servlet.handler.BeanNameUrlHandlerMapping- Rejected bean name 'viewResolver': no URL paths identified
2018/10/16-22:24 [main] DEBUG org.springframework.web.servlet.handler.BeanNameUrlHandlerMapping- Rejected bean name 'welcomePageHandlerMapping': no URL paths identified
2018/10/16-22:24 [main] DEBUG org.springframework.web.servlet.handler.BeanNameUrlHandlerMapping- Rejected bean name 'requestContextFilter': no URL paths identified
2018/10/16-22:24 [main] DEBUG org.springframework.web.servlet.handler.BeanNameUrlHandlerMapping- Rejected bean name 'org.springframework.boot.autoconfigure.web.servlet.WebMvcAutoConfiguration': no URL paths identified
2018/10/16-22:24 [main] DEBUG org.springframework.web.servlet.handler.BeanNameUrlHandlerMapping- Rejected bean name 'hiddenHttpMethodFilter': no URL paths identified
2018/10/16-22:24 [main] DEBUG org.springframework.web.servlet.handler.BeanNameUrlHandlerMapping- Rejected bean name 'httpPutFormContentFilter': no URL paths identified
2018/10/16-22:24 [main] DEBUG org.springframework.web.servlet.handler.BeanNameUrlHandlerMapping- Rejected bean name 'org.springframework.boot.autoconfigure.jmx.JmxAutoConfiguration': no URL paths identified
2018/10/16-22:24 [main] DEBUG org.springframework.web.servlet.handler.BeanNameUrlHandlerMapping- Rejected bean name 'mbeanExporter': no URL paths identified
2018/10/16-22:24 [main] DEBUG org.springframework.web.servlet.handler.BeanNameUrlHandlerMapping- Rejected bean name 'objectNamingStrategy': no URL paths identified
2018/10/16-22:24 [main] DEBUG org.springframework.web.servlet.handler.BeanNameUrlHandlerMapping- Rejected bean name 'mbeanServer': no URL paths identified
2018/10/16-22:24 [main] DEBUG org.springframework.web.servlet.handler.BeanNameUrlHandlerMapping- Rejected bean name 'org.springframework.boot.autoconfigure.admin.SpringApplicationAdminJmxAutoConfiguration': no URL paths identified
2018/10/16-22:24 [main] DEBUG org.springframework.web.servlet.handler.BeanNameUrlHandlerMapping- Rejected bean name 'springApplicationAdminRegistrar': no URL paths identified
2018/10/16-22:24 [main] DEBUG org.springframework.web.servlet.handler.BeanNameUrlHandlerMapping- Rejected bean name 'org.springframework.boot.autoconfigure.context.ConfigurationPropertiesAutoConfiguration': no URL paths identified
2018/10/16-22:24 [main] DEBUG org.springframework.web.servlet.handler.BeanNameUrlHandlerMapping- Rejected bean name 'org.springframework.boot.autoconfigure.jackson.JacksonAutoConfiguration$Jackson2ObjectMapperBuilderCustomizerConfiguration': no URL paths identified
2018/10/16-22:24 [main] DEBUG org.springframework.web.servlet.handler.BeanNameUrlHandlerMapping- Rejected bean name 'standardJacksonObjectMapperBuilderCustomizer': no URL paths identified
2018/10/16-22:24 [main] DEBUG org.springframework.web.servlet.handler.BeanNameUrlHandlerMapping- Rejected bean name 'spring.jackson-org.springframework.boot.autoconfigure.jackson.JacksonProperties': no URL paths identified
2018/10/16-22:24 [main] DEBUG org.springframework.web.servlet.handler.BeanNameUrlHandlerMapping- Rejected bean name 'org.springframework.boot.autoconfigure.jackson.JacksonAutoConfiguration$JacksonObjectMapperBuilderConfiguration': no URL paths identified
2018/10/16-22:24 [main] DEBUG org.springframework.web.servlet.handler.BeanNameUrlHandlerMapping- Rejected bean name 'jacksonObjectMapperBuilder': no URL paths identified
2018/10/16-22:24 [main] DEBUG org.springframework.web.servlet.handler.BeanNameUrlHandlerMapping- Rejected bean name 'org.springframework.boot.autoconfigure.jackson.JacksonAutoConfiguration$ParameterNamesModuleConfiguration': no URL paths identified
2018/10/16-22:24 [main] DEBUG org.springframework.web.servlet.handler.BeanNameUrlHandlerMapping- Rejected bean name 'parameterNamesModule': no URL paths identified
2018/10/16-22:24 [main] DEBUG org.springframework.web.servlet.handler.BeanNameUrlHandlerMapping- Rejected bean name 'org.springframework.boot.autoconfigure.jackson.JacksonAutoConfiguration$JacksonObjectMapperConfiguration': no URL paths identified
2018/10/16-22:24 [main] DEBUG org.springframework.web.servlet.handler.BeanNameUrlHandlerMapping- Rejected bean name 'jacksonObjectMapper': no URL paths identified
2018/10/16-22:24 [main] DEBUG org.springframework.web.servlet.handler.BeanNameUrlHandlerMapping- Rejected bean name 'org.springframework.boot.autoconfigure.jackson.JacksonAutoConfiguration': no URL paths identified
2018/10/16-22:24 [main] DEBUG org.springframework.web.servlet.handler.BeanNameUrlHandlerMapping- Rejected bean name 'jsonComponentModule': no URL paths identified
2018/10/16-22:24 [main] DEBUG org.springframework.web.servlet.handler.BeanNameUrlHandlerMapping- Rejected bean name 'org.springframework.boot.autoconfigure.http.HttpMessageConvertersAutoConfiguration$StringHttpMessageConverterConfiguration': no URL paths identified
2018/10/16-22:24 [main] DEBUG org.springframework.web.servlet.handler.BeanNameUrlHandlerMapping- Rejected bean name 'stringHttpMessageConverter': no URL paths identified
2018/10/16-22:24 [main] DEBUG org.springframework.web.servlet.handler.BeanNameUrlHandlerMapping- Rejected bean name 'spring.http.encoding-org.springframework.boot.autoconfigure.http.HttpEncodingProperties': no URL paths identified
2018/10/16-22:24 [main] DEBUG org.springframework.web.servlet.handler.BeanNameUrlHandlerMapping- Rejected bean name 'org.springframework.boot.autoconfigure.http.JacksonHttpMessageConvertersConfiguration$MappingJackson2HttpMessageConverterConfiguration': no URL paths identified
2018/10/16-22:24 [main] DEBUG org.springframework.web.servlet.handler.BeanNameUrlHandlerMapping- Rejected bean name 'mappingJackson2HttpMessageConverter': no URL paths identified
2018/10/16-22:24 [main] DEBUG org.springframework.web.servlet.handler.BeanNameUrlHandlerMapping- Rejected bean name 'org.springframework.boot.autoconfigure.http.JacksonHttpMessageConvertersConfiguration': no URL paths identified
2018/10/16-22:24 [main] DEBUG org.springframework.web.servlet.handler.BeanNameUrlHandlerMapping- Rejected bean name 'org.springframework.boot.autoconfigure.http.HttpMessageConvertersAutoConfiguration': no URL paths identified
2018/10/16-22:24 [main] DEBUG org.springframework.web.servlet.handler.BeanNameUrlHandlerMapping- Rejected bean name 'messageConverters': no URL paths identified
2018/10/16-22:24 [main] DEBUG org.springframework.web.servlet.handler.BeanNameUrlHandlerMapping- Rejected bean name 'org.springframework.boot.autoconfigure.http.codec.CodecsAutoConfiguration$JacksonCodecConfiguration': no URL paths identified
2018/10/16-22:24 [main] DEBUG org.springframework.web.servlet.handler.BeanNameUrlHandlerMapping- Rejected bean name 'jacksonCodecCustomizer': no URL paths identified
2018/10/16-22:24 [main] DEBUG org.springframework.web.servlet.handler.BeanNameUrlHandlerMapping- Rejected bean name 'org.springframework.boot.autoconfigure.http.codec.CodecsAutoConfiguration': no URL paths identified
2018/10/16-22:24 [main] DEBUG org.springframework.web.servlet.handler.BeanNameUrlHandlerMapping- Rejected bean name 'org.springframework.boot.autoconfigure.info.ProjectInfoAutoConfiguration': no URL paths identified
2018/10/16-22:24 [main] DEBUG org.springframework.web.servlet.handler.BeanNameUrlHandlerMapping- Rejected bean name 'spring.info-org.springframework.boot.autoconfigure.info.ProjectInfoProperties': no URL paths identified
2018/10/16-22:24 [main] DEBUG org.springframework.web.servlet.handler.BeanNameUrlHandlerMapping- Rejected bean name 'org.springframework.boot.autoconfigure.web.client.RestTemplateAutoConfiguration': no URL paths identified
2018/10/16-22:24 [main] DEBUG org.springframework.web.servlet.handler.BeanNameUrlHandlerMapping- Rejected bean name 'restTemplateBuilder': no URL paths identified
2018/10/16-22:24 [main] DEBUG org.springframework.web.servlet.handler.BeanNameUrlHandlerMapping- Rejected bean name 'org.springframework.boot.autoconfigure.web.embedded.EmbeddedWebServerFactoryCustomizerAutoConfiguration$TomcatWebServerFactoryCustomizerConfiguration': no URL paths identified
2018/10/16-22:24 [main] DEBUG org.springframework.web.servlet.handler.BeanNameUrlHandlerMapping- Rejected bean name 'tomcatWebServerFactoryCustomizer': no URL paths identified
2018/10/16-22:24 [main] DEBUG org.springframework.web.servlet.handler.BeanNameUrlHandlerMapping- Rejected bean name 'org.springframework.boot.autoconfigure.web.embedded.EmbeddedWebServerFactoryCustomizerAutoConfiguration': no URL paths identified
2018/10/16-22:24 [main] DEBUG org.springframework.web.servlet.handler.BeanNameUrlHandlerMapping- Rejected bean name 'org.springframework.boot.autoconfigure.web.servlet.HttpEncodingAutoConfiguration': no URL paths identified
2018/10/16-22:24 [main] DEBUG org.springframework.web.servlet.handler.BeanNameUrlHandlerMapping- Rejected bean name 'characterEncodingFilter': no URL paths identified
2018/10/16-22:24 [main] DEBUG org.springframework.web.servlet.handler.BeanNameUrlHandlerMapping- Rejected bean name 'localeCharsetMappingsCustomizer': no URL paths identified
2018/10/16-22:24 [main] DEBUG org.springframework.web.servlet.handler.BeanNameUrlHandlerMapping- Rejected bean name 'org.springframework.boot.autoconfigure.web.servlet.MultipartAutoConfiguration': no URL paths identified
2018/10/16-22:24 [main] DEBUG org.springframework.web.servlet.handler.BeanNameUrlHandlerMapping- Rejected bean name 'multipartConfigElement': no URL paths identified
2018/10/16-22:24 [main] DEBUG org.springframework.web.servlet.handler.BeanNameUrlHandlerMapping- Rejected bean name 'multipartResolver': no URL paths identified
2018/10/16-22:24 [main] DEBUG org.springframework.web.servlet.handler.BeanNameUrlHandlerMapping- Rejected bean name 'spring.servlet.multipart-org.springframework.boot.autoconfigure.web.servlet.MultipartProperties': no URL paths identified
2018/10/16-22:24 [main] DEBUG org.springframework.web.servlet.handler.BeanNameUrlHandlerMapping- Rejected bean name 'autoConfigurationReport': no URL paths identified
2018/10/16-22:24 [main] DEBUG org.springframework.web.servlet.handler.BeanNameUrlHandlerMapping- Rejected bean name 'org.springframework.boot.context.ContextIdApplicationContextInitializer$ContextId': no URL paths identified
2018/10/16-22:24 [main] DEBUG org.springframework.web.servlet.handler.BeanNameUrlHandlerMapping- Rejected bean name 'springApplicationArguments': no URL paths identified
2018/10/16-22:24 [main] DEBUG org.springframework.web.servlet.handler.BeanNameUrlHandlerMapping- Rejected bean name 'springBootBanner': no URL paths identified
2018/10/16-22:24 [main] DEBUG org.springframework.web.servlet.handler.BeanNameUrlHandlerMapping- Rejected bean name 'springBootLoggingSystem': no URL paths identified
2018/10/16-22:24 [main] DEBUG org.springframework.web.servlet.handler.BeanNameUrlHandlerMapping- Rejected bean name 'environment': no URL paths identified
2018/10/16-22:24 [main] DEBUG org.springframework.web.servlet.handler.BeanNameUrlHandlerMapping- Rejected bean name 'systemProperties': no URL paths identified
2018/10/16-22:24 [main] DEBUG org.springframework.web.servlet.handler.BeanNameUrlHandlerMapping- Rejected bean name 'systemEnvironment': no URL paths identified
2018/10/16-22:24 [main] DEBUG org.springframework.web.servlet.handler.BeanNameUrlHandlerMapping- Rejected bean name 'org.springframework.context.annotation.ConfigurationClassPostProcessor.importRegistry': no URL paths identified
2018/10/16-22:24 [main] DEBUG org.springframework.web.servlet.handler.BeanNameUrlHandlerMapping- Rejected bean name 'messageSource': no URL paths identified
2018/10/16-22:24 [main] DEBUG org.springframework.web.servlet.handler.BeanNameUrlHandlerMapping- Rejected bean name 'applicationEventMulticaster': no URL paths identified
2018/10/16-22:24 [main] DEBUG org.springframework.web.servlet.handler.BeanNameUrlHandlerMapping- Rejected bean name 'servletContext': no URL paths identified
2018/10/16-22:24 [main] DEBUG org.springframework.web.servlet.handler.BeanNameUrlHandlerMapping- Rejected bean name 'contextParameters': no URL paths identified
2018/10/16-22:24 [main] DEBUG org.springframework.web.servlet.handler.BeanNameUrlHandlerMapping- Rejected bean name 'contextAttributes': no URL paths identified
2018/10/16-22:24 [main] INFO  org.springframework.web.servlet.handler.SimpleUrlHandlerMapping- Mapped URL path [/webjars/**] onto handler of type [class org.springframework.web.servlet.resource.ResourceHttpRequestHandler]
2018/10/16-22:24 [main] INFO  org.springframework.web.servlet.handler.SimpleUrlHandlerMapping- Mapped URL path [/**] onto handler of type [class org.springframework.web.servlet.resource.ResourceHttpRequestHandler]
2018/10/16-22:24 [main] DEBUG org.springframework.web.servlet.mvc.method.annotation.ExceptionHandlerExceptionResolver- Looking for exception mappings: org.springframework.boot.web.servlet.context.AnnotationConfigServletWebServerApplicationContext@7c0c77c7: startup date [Tue Oct 16 22:24:21 CST 2018]; root of context hierarchy
2018/10/16-22:24 [main] DEBUG org.springframework.web.servlet.resource.ResourceUrlProvider- Looking for resource handler mappings
2018/10/16-22:24 [main] DEBUG org.springframework.web.servlet.resource.ResourceUrlProvider- Found resource handler mapping: URL pattern="/**/favicon.ico", locations=[class path resource [META-INF/resources/], class path resource [resources/], class path resource [static/], class path resource [public/], ServletContext resource [/], class path resource []], resolvers=[org.springframework.web.servlet.resource.PathResourceResolver@42a9a63e]
2018/10/16-22:24 [main] DEBUG org.springframework.web.servlet.resource.ResourceUrlProvider- Found resource handler mapping: URL pattern="/webjars/**", locations=[class path resource [META-INF/resources/webjars/]], resolvers=[org.springframework.web.servlet.resource.PathResourceResolver@62da83ed]
2018/10/16-22:24 [main] DEBUG org.springframework.web.servlet.resource.ResourceUrlProvider- Found resource handler mapping: URL pattern="/**", locations=[class path resource [META-INF/resources/], class path resource [resources/], class path resource [static/], class path resource [public/], ServletContext resource [/]], resolvers=[org.springframework.web.servlet.resource.PathResourceResolver@5d8445d7]
2018/10/16-22:24 [main] DEBUG org.springframework.web.context.support.StandardServletEnvironment- Adding PropertySource 'server.ports' with highest search precedence
2018/10/16-22:24 [main] INFO  com.caosoft.hyper.api.server.HyperApiApplication- Started HyperApiApplication in 2.347 seconds (JVM running for 3.224)
